<?xml version="1.0" encoding="UTF-8"?>
<!-- Generated by org.testng.reporters.JUnitReportReporter -->
<testsuite skipped="0" hostname="CSINLPTP30" name="Academy.MyProgramScreenshot" tests="1" failures="0" timestamp="12 Dec 2019 18:18:58 GMT" time="19.060" errors="0">
  <testcase name="printscreen" time="19.060" classname="Academy.MyProgramScreenshot"/>
</testsuite> <!-- Academy.MyProgramScreenshot -->
