<?xml version="1.0" encoding="UTF-8"?>
<!-- Generated by org.testng.reporters.JUnitReportReporter -->
<testsuite skipped="0" hostname="CSINLPTP30" name="myproject.ExcelDataPro" tests="5" failures="0" timestamp="13 Dec 2019 03:01:49 GMT" time="66.964" errors="0">
  <testcase name="test1" time="11.900" classname="myproject.ExcelDataPro"/>
  <testcase name="test1" time="12.610" classname="myproject.ExcelDataPro"/>
  <testcase name="test1" time="20.667" classname="myproject.ExcelDataPro"/>
  <testcase name="test1" time="11.129" classname="myproject.ExcelDataPro"/>
  <testcase name="test1" time="10.658" classname="myproject.ExcelDataPro"/>
</testsuite> <!-- myproject.ExcelDataPro -->
